0 info it worked if it ends with ok
1 verbose cli [ 'node',
1 verbose cli   '/Users/freemanj11/.nvm/versions/node/v0.12.7/bin/npm',
1 verbose cli   'start' ]
2 info using npm@3.7.2
3 info using node@v0.12.7
4 verbose run-script [ 'prestart', 'start', 'poststart' ]
5 info lifecycle neurofinder@1.0.0~prestart: neurofinder@1.0.0
6 silly lifecycle neurofinder@1.0.0~prestart: no script for prestart, continuing
7 info lifecycle neurofinder@1.0.0~start: neurofinder@1.0.0
8 verbose lifecycle neurofinder@1.0.0~start: unsafe-perm in lifecycle true
9 verbose lifecycle neurofinder@1.0.0~start: PATH: /Users/freemanj11/.nvm/versions/node/v0.12.7/lib/node_modules/npm/bin/node-gyp-bin:/Users/freemanj11/github/codeneuro/neurofinder/node_modules/.bin:/Users/freemanj11/.nvm/versions/node/v0.12.7/bin:/usr/local/heroku/bin:/Users/freemanj11/google-cloud-sdk/bin:/Users/freemanj11/.nvm/versions/node/v0.12.7/bin:/Applications/Julia-0.3.11.app/Contents/Resources/julia/bin:/Users/freemanj11/code/scala-2.10.4/bin:/Users/freemanj11/github/pim/bin/:/Users/freemanj11/anaconda/bin:/Users/freemanj11/go/bin:/usr/local/bin:/usr/bin:/bin:/usr/sbin:/sbin:/opt/X11/bin:/Applications/Postgres.app/Contents/Versions/9.4/bin
10 verbose lifecycle neurofinder@1.0.0~start: CWD: /Users/freemanj11/github/codeneuro/neurofinder
11 silly lifecycle neurofinder@1.0.0~start: Args: [ '-c',
11 silly lifecycle   'watchify client/index.js -o client/bundle.js & node server/app.js' ]
12 silly lifecycle neurofinder@1.0.0~start: Returned: code: 1  signal: null
13 info lifecycle neurofinder@1.0.0~start: Failed to exec start script
14 verbose stack Error: neurofinder@1.0.0 start: `watchify client/index.js -o client/bundle.js & node server/app.js`
14 verbose stack Exit status 1
14 verbose stack     at EventEmitter.<anonymous> (/Users/freemanj11/.nvm/versions/node/v0.12.7/lib/node_modules/npm/lib/utils/lifecycle.js:239:16)
14 verbose stack     at EventEmitter.emit (events.js:110:17)
14 verbose stack     at ChildProcess.<anonymous> (/Users/freemanj11/.nvm/versions/node/v0.12.7/lib/node_modules/npm/lib/utils/spawn.js:24:14)
14 verbose stack     at ChildProcess.emit (events.js:110:17)
14 verbose stack     at maybeClose (child_process.js:1015:16)
14 verbose stack     at Process.ChildProcess._handle.onexit (child_process.js:1087:5)
15 verbose pkgid neurofinder@1.0.0
16 verbose cwd /Users/freemanj11/github/codeneuro/neurofinder
17 error Darwin 15.2.0
18 error argv "node" "/Users/freemanj11/.nvm/versions/node/v0.12.7/bin/npm" "start"
19 error node v0.12.7
20 error npm  v3.7.2
21 error code ELIFECYCLE
22 error neurofinder@1.0.0 start: `watchify client/index.js -o client/bundle.js & node server/app.js`
22 error Exit status 1
23 error Failed at the neurofinder@1.0.0 start script 'watchify client/index.js -o client/bundle.js & node server/app.js'.
23 error Make sure you have the latest version of node.js and npm installed.
23 error If you do, this is most likely a problem with the neurofinder package,
23 error not with npm itself.
23 error Tell the author that this fails on your system:
23 error     watchify client/index.js -o client/bundle.js & node server/app.js
23 error You can get information on how to open an issue for this project with:
23 error     npm bugs neurofinder
23 error Or if that isn't available, you can get their info via:
23 error     npm owner ls neurofinder
23 error There is likely additional logging output above.
24 verbose exit [ 1, true ]
